# JRE version: Java(TM) SE Runtime Environment (8.0_181-b13) (build 1.8.0_181-b13)
# Java VM: Java HotSpot(TM) 64-Bit Server VM (25.181-b13 mixed mode windows-amd64 compressed oops)
Heap:
 PSYoungGen      total 351232K, used 31340K [0x000000076b600000, 0x0000000786400000, 0x00000007c0000000)
  eden space 333312K, 4% used [0x000000076b600000,0x000000076c601048,0x000000077fb80000)
  from space 17920K, 83% used [0x000000077fb80000,0x0000000780a1a0d0,0x0000000780d00000)
  to   space 18944K, 0% used [0x0000000785180000,0x0000000785180000,0x0000000786400000)
 ParOldGen       total 210944K, used 31367K [0x00000006c2200000, 0x00000006cf000000, 0x000000076b600000)
  object space 210944K, 14% used [0x00000006c2200000,0x00000006c40a1c40,0x00000006cf000000)
 Metaspace       used 68964K, capacity 71998K, committed 72152K, reserved 1112064K
  class space    used 9403K, capacity 9930K, committed 9984K, reserved 1048576K
GC Heap History (10 events):
Event: 23.859 GC heap before
{Heap before GC invocations=10 (full 2):
 PSYoungGen      total 176128K, used 161792K [0x000000076b600000, 0x000000077e200000, 0x00000007c0000000)
  eden space 161792K, 100% used [0x000000076b600000,0x0000000775400000,0x0000000775400000)
  from space 14336K, 0% used [0x0000000775400000,0x0000000775400000,0x0000000776200000)
  to   space 15360K, 0% used [0x000000077d300000,0x000000077d300000,0x000000077e200000)
 ParOldGen       total 153088K, used 17691K [0x00000006c2200000, 0x00000006cb780000, 0x000000076b600000)
  object space 153088K, 11% used [0x00000006c2200000,0x00000006c3346f00,0x00000006cb780000)
 Metaspace       used 48090K, capacity 49500K, committed 49752K, reserved 1091584K
  class space    used 6475K, capacity 6773K, committed 6784K, reserved 1048576K
Event: 23.885 GC heap after
Heap after GC invocations=10 (full 2):
 PSYoungGen      total 268288K, used 14118K [0x000000076b600000, 0x000000077e100000, 0x00000007c0000000)
  eden space 253952K, 0% used [0x000000076b600000,0x000000076b600000,0x000000077ae00000)
  from space 14336K, 98% used [0x000000077d300000,0x000000077e0c9bb8,0x000000077e100000)
  to   space 16896K, 0% used [0x000000077c000000,0x000000077c000000,0x000000077d080000)
 ParOldGen       total 153088K, used 17699K [0x00000006c2200000, 0x00000006cb780000, 0x000000076b600000)
  object space 153088K, 11% used [0x00000006c2200000,0x00000006c3348f00,0x00000006cb780000)
 Metaspace       used 48090K, capacity 49500K, committed 49752K, reserved 1091584K
  class space    used 6475K, capacity 6773K, committed 6784K, reserved 1048576K
}
Event: 29.089 GC heap before
{Heap before GC invocations=11 (full 2):
 PSYoungGen      total 268288K, used 222318K [0x000000076b600000, 0x000000077e100000, 0x00000007c0000000)
  eden space 253952K, 81% used [0x000000076b600000,0x0000000778151df8,0x000000077ae00000)
  from space 14336K, 98% used [0x000000077d300000,0x000000077e0c9bb8,0x000000077e100000)
  to   space 16896K, 0% used [0x000000077c000000,0x000000077c000000,0x000000077d080000)
 ParOldGen       total 153088K, used 17699K [0x00000006c2200000, 0x00000006cb780000, 0x000000076b600000)
  object space 153088K, 11% used [0x00000006c2200000,0x00000006c3348f00,0x00000006cb780000)
 Metaspace       used 56935K, capacity 58964K, committed 59028K, reserved 1099776K
  class space    used 7642K, capacity 8045K, committed 8064K, reserved 1048576K
Event: 29.117 GC heap after
Heap after GC invocations=11 (full 2):
 PSYoungGen      total 289280K, used 15828K [0x000000076b600000, 0x0000000781f00000, 0x00000007c0000000)
  eden space 272384K, 0% used [0x000000076b600000,0x000000076b600000,0x000000077c000000)
  from space 16896K, 93% used [0x000000077c000000,0x000000077cf75058,0x000000077d080000)
  to   space 18432K, 0% used [0x0000000780d00000,0x0000000780d00000,0x0000000781f00000)
 ParOldGen       total 153088K, used 17707K [0x00000006c2200000, 0x00000006cb780000, 0x000000076b600000)
  object space 153088K, 11% used [0x00000006c2200000,0x00000006c334af00,0x00000006cb780000)
 Metaspace       used 56935K, capacity 58964K, committed 59028K, reserved 1099776K
  class space    used 7642K, capacity 8045K, committed 8064K, reserved 1048576K
}
Event: 29.117 GC heap before
{Heap before GC invocations=12 (full 3):
 PSYoungGen      total 289280K, used 15828K [0x000000076b600000, 0x0000000781f00000, 0x00000007c0000000)
  eden space 272384K, 0% used [0x000000076b600000,0x000000076b600000,0x000000077c000000)
  from space 16896K, 93% used [0x000000077c000000,0x000000077cf75058,0x000000077d080000)
  to   space 18432K, 0% used [0x0000000780d00000,0x0000000780d00000,0x0000000781f00000)
 ParOldGen       total 153088K, used 17707K [0x00000006c2200000, 0x00000006cb780000, 0x000000076b600000)
  object space 153088K, 11% used [0x00000006c2200000,0x00000006c334af00,0x00000006cb780000)
 Metaspace       used 56935K, capacity 58964K, committed 59028K, reserved 1099776K
  class space    used 7642K, capacity 8045K, committed 8064K, reserved 1048576K
Event: 29.509 GC heap after
Heap after GC invocations=12 (full 3):
 PSYoungGen      total 289280K, used 0K [0x000000076b600000, 0x0000000781f00000, 0x00000007c0000000)
  eden space 272384K, 0% used [0x000000076b600000,0x000000076b600000,0x000000077c000000)
  from space 16896K, 0% used [0x000000077c000000,0x000000077c000000,0x000000077d080000)
  to   space 18432K, 0% used [0x0000000780d00000,0x0000000780d00000,0x0000000781f00000)
 ParOldGen       total 210944K, used 31351K [0x00000006c2200000, 0x00000006cf000000, 0x000000076b600000)
  object space 210944K, 14% used [0x00000006c2200000,0x00000006c409dc40,0x00000006cf000000)
 Metaspace       used 56935K, capacity 58964K, committed 59028K, reserved 1099776K
  class space    used 7642K, capacity 8045K, committed 8064K, reserved 1048576K
}
Event: 37.203 GC heap before
{Heap before GC invocations=13 (full 3):
 PSYoungGen      total 289280K, used 272384K [0x000000076b600000, 0x0000000781f00000, 0x00000007c0000000)
  eden space 272384K, 100% used [0x000000076b600000,0x000000077c000000,0x000000077c000000)
  from space 16896K, 0% used [0x000000077c000000,0x000000077c000000,0x000000077d080000)
  to   space 18432K, 0% used [0x0000000780d00000,0x0000000780d00000,0x0000000781f00000)
 ParOldGen       total 210944K, used 31351K [0x00000006c2200000, 0x00000006cf000000, 0x000000076b600000)
  object space 210944K, 14% used [0x00000006c2200000,0x00000006c409dc40,0x00000006cf000000)
 Metaspace       used 60950K, capacity 63256K, committed 63576K, reserved 1103872K
  class space    used 8279K, capacity 8719K, committed 8832K, reserved 1048576K
Event: 37.238 GC heap after
Heap after GC invocations=13 (full 3):
 PSYoungGen      total 351744K, used 9869K [0x000000076b600000, 0x0000000782180000, 0x00000007c0000000)
  eden space 333312K, 0% used [0x000000076b600000,0x000000076b600000,0x000000077fb80000)
  from space 18432K, 53% used [0x0000000780d00000,0x00000007816a3638,0x0000000781f00000)
  to   space 17920K, 0% used [0x000000077fb80000,0x000000077fb80000,0x0000000780d00000)
 ParOldGen       total 210944K, used 31359K [0x00000006c2200000, 0x00000006cf000000, 0x000000076b600000)
  object space 210944K, 14% used [0x00000006c2200000,0x00000006c409fc40,0x00000006cf000000)
 Metaspace       used 60950K, capacity 63256K, committed 63576K, reserved 1103872K
  class space    used 8279K, capacity 8719K, committed 8832K, reserved 1048576K
}
Event: 46.104 GC heap before
{Heap before GC invocations=14 (full 3):
 PSYoungGen      total 351744K, used 343181K [0x000000076b600000, 0x0000000782180000, 0x00000007c0000000)
  eden space 333312K, 100% used [0x000000076b600000,0x000000077fb80000,0x000000077fb80000)
  from space 18432K, 53% used [0x0000000780d00000,0x00000007816a3638,0x0000000781f00000)
  to   space 17920K, 0% used [0x000000077fb80000,0x000000077fb80000,0x0000000780d00000)
 ParOldGen       total 210944K, used 31359K [0x00000006c2200000, 0x00000006cf000000, 0x000000076b600000)
  object space 210944K, 14% used [0x00000006c2200000,0x00000006c409fc40,0x00000006cf000000)
 Metaspace       used 68381K, capacity 71388K, committed 71640K, reserved 1112064K
  class space    used 9342K, capacity 9859K, committed 9984K, reserved 1048576K
Event: 46.141 GC heap after
Heap after GC invocations=14 (full 3):
 PSYoungGen      total 351232K, used 14952K [0x000000076b600000, 0x0000000786400000, 0x00000007c0000000)
  eden space 333312K, 0% used [0x000000076b600000,0x000000076b600000,0x000000077fb80000)
  from space 17920K, 83% used [0x000000077fb80000,0x0000000780a1a0d0,0x0000000780d00000)
  to   space 18944K, 0% used [0x0000000785180000,0x0000000785180000,0x0000000786400000)
 ParOldGen       total 210944K, used 31367K [0x00000006c2200000, 0x00000006cf000000, 0x000000076b600000)
  object space 210944K, 14% used [0x00000006c2200000,0x00000006c40a1c40,0x00000006cf000000)
 Metaspace       used 68381K, capacity 71388K, committed 71640K, reserved 1112064K
  class space    used 9342K, capacity 9859K, committed 9984K, reserved 1048576K
}

