# JRE version: Java(TM) SE Runtime Environment (8.0_181-b13) (build 1.8.0_181-b13)
# Java VM: Java HotSpot(TM) 64-Bit Server VM (25.181-b13 mixed mode windows-amd64 compressed oops)
Heap:
 PSYoungGen      total 522752K, used 279454K [0x000000076b600000, 0x000000078ef00000, 0x00000007c0000000)
  eden space 506368K, 52% used [0x000000076b600000,0x000000077b74d500,0x000000078a480000)
  from space 16384K, 97% used [0x000000078df00000,0x000000078ee9a380,0x000000078ef00000)
  to   space 20992K, 0% used [0x000000078c600000,0x000000078c600000,0x000000078da80000)
 ParOldGen       total 158208K, used 28796K [0x00000006c2200000, 0x00000006cbc80000, 0x000000076b600000)
  object space 158208K, 18% used [0x00000006c2200000,0x00000006c3e1f148,0x00000006cbc80000)
 Metaspace       used 69702K, capacity 72868K, committed 73088K, reserved 1112064K
  class space    used 9495K, capacity 10051K, committed 10112K, reserved 1048576K
GC Heap History (10 events):
Event: 5.699 GC heap before
{Heap before GC invocations=9 (full 2):
 PSYoungGen      total 250880K, used 13870K [0x000000076b600000, 0x0000000787000000, 0x00000007c0000000)
  eden space 235520K, 0% used [0x000000076b600000,0x000000076b600000,0x0000000779c00000)
  from space 15360K, 90% used [0x0000000779c00000,0x000000077a98b8c0,0x000000077ab00000)
  to   space 16896K, 0% used [0x0000000785f80000,0x0000000785f80000,0x0000000787000000)
 ParOldGen       total 79872K, used 7113K [0x00000006c2200000, 0x00000006c7000000, 0x000000076b600000)
  object space 79872K, 8% used [0x00000006c2200000,0x00000006c28f2648,0x00000006c7000000)
 Metaspace       used 34760K, capacity 35994K, committed 36048K, reserved 1081344K
  class space    used 4453K, capacity 4704K, committed 4736K, reserved 1048576K
Event: 5.744 GC heap after
Heap after GC invocations=9 (full 2):
 PSYoungGen      total 250880K, used 0K [0x000000076b600000, 0x0000000787000000, 0x00000007c0000000)
  eden space 235520K, 0% used [0x000000076b600000,0x000000076b600000,0x0000000779c00000)
  from space 15360K, 0% used [0x0000000779c00000,0x0000000779c00000,0x000000077ab00000)
  to   space 16896K, 0% used [0x0000000785f80000,0x0000000785f80000,0x0000000787000000)
 ParOldGen       total 115200K, used 18527K [0x00000006c2200000, 0x00000006c9280000, 0x000000076b600000)
  object space 115200K, 16% used [0x00000006c2200000,0x00000006c3417e70,0x00000006c9280000)
 Metaspace       used 34760K, capacity 35994K, committed 36048K, reserved 1081344K
  class space    used 4453K, capacity 4704K, committed 4736K, reserved 1048576K
}
Event: 8.017 GC heap before
{Heap before GC invocations=10 (full 2):
 PSYoungGen      total 250880K, used 235520K [0x000000076b600000, 0x0000000787000000, 0x00000007c0000000)
  eden space 235520K, 100% used [0x000000076b600000,0x0000000779c00000,0x0000000779c00000)
  from space 15360K, 0% used [0x0000000779c00000,0x0000000779c00000,0x000000077ab00000)
  to   space 16896K, 0% used [0x0000000785f80000,0x0000000785f80000,0x0000000787000000)
 ParOldGen       total 115200K, used 18527K [0x00000006c2200000, 0x00000006c9280000, 0x000000076b600000)
  object space 115200K, 16% used [0x00000006c2200000,0x00000006c3417e70,0x00000006c9280000)
 Metaspace       used 52113K, capacity 53536K, committed 54016K, reserved 1095680K
  class space    used 7022K, capacity 7335K, committed 7424K, reserved 1048576K
Event: 8.029 GC heap after
Heap after GC invocations=10 (full 2):
 PSYoungGen      total 410624K, used 16868K [0x000000076b600000, 0x0000000787000000, 0x00000007c0000000)
  eden space 393728K, 0% used [0x000000076b600000,0x000000076b600000,0x0000000783680000)
  from space 16896K, 99% used [0x0000000785f80000,0x0000000786ff9308,0x0000000787000000)
  to   space 19968K, 0% used [0x0000000784900000,0x0000000784900000,0x0000000785c80000)
 ParOldGen       total 115200K, used 19965K [0x00000006c2200000, 0x00000006c9280000, 0x000000076b600000)
  object space 115200K, 17% used [0x00000006c2200000,0x00000006c357f510,0x00000006c9280000)
 Metaspace       used 52113K, capacity 53536K, committed 54016K, reserved 1095680K
  class space    used 7022K, capacity 7335K, committed 7424K, reserved 1048576K
}
Event: 9.319 GC heap before
{Heap before GC invocations=11 (full 2):
 PSYoungGen      total 410624K, used 140151K [0x000000076b600000, 0x0000000787000000, 0x00000007c0000000)
  eden space 393728K, 31% used [0x000000076b600000,0x0000000772e64928,0x0000000783680000)
  from space 16896K, 99% used [0x0000000785f80000,0x0000000786ff9308,0x0000000787000000)
  to   space 19968K, 0% used [0x0000000784900000,0x0000000784900000,0x0000000785c80000)
 ParOldGen       total 115200K, used 19965K [0x00000006c2200000, 0x00000006c9280000, 0x000000076b600000)
  object space 115200K, 17% used [0x00000006c2200000,0x00000006c357f510,0x00000006c9280000)
 Metaspace       used 57971K, capacity 59978K, committed 60080K, reserved 1101824K
  class space    used 7765K, capacity 8146K, committed 8192K, reserved 1048576K
Event: 9.337 GC heap after
Heap after GC invocations=11 (full 2):
 PSYoungGen      total 432640K, used 12734K [0x000000076b600000, 0x000000078f280000, 0x00000007c0000000)
  eden space 412672K, 0% used [0x000000076b600000,0x000000076b600000,0x0000000784900000)
  from space 19968K, 63% used [0x0000000784900000,0x000000078556fbd8,0x0000000785c80000)
  to   space 19968K, 0% used [0x000000078df00000,0x000000078df00000,0x000000078f280000)
 ParOldGen       total 115200K, used 19973K [0x00000006c2200000, 0x00000006c9280000, 0x000000076b600000)
  object space 115200K, 17% used [0x00000006c2200000,0x00000006c3581510,0x00000006c9280000)
 Metaspace       used 57971K, capacity 59978K, committed 60080K, reserved 1101824K
  class space    used 7765K, capacity 8146K, committed 8192K, reserved 1048576K
}
Event: 9.337 GC heap before
{Heap before GC invocations=12 (full 3):
 PSYoungGen      total 432640K, used 12734K [0x000000076b600000, 0x000000078f280000, 0x00000007c0000000)
  eden space 412672K, 0% used [0x000000076b600000,0x000000076b600000,0x0000000784900000)
  from space 19968K, 63% used [0x0000000784900000,0x000000078556fbd8,0x0000000785c80000)
  to   space 19968K, 0% used [0x000000078df00000,0x000000078df00000,0x000000078f280000)
 ParOldGen       total 115200K, used 19973K [0x00000006c2200000, 0x00000006c9280000, 0x000000076b600000)
  object space 115200K, 17% used [0x00000006c2200000,0x00000006c3581510,0x00000006c9280000)
 Metaspace       used 57971K, capacity 59978K, committed 60080K, reserved 1101824K
  class space    used 7765K, capacity 8146K, committed 8192K, reserved 1048576K
Event: 9.573 GC heap after
Heap after GC invocations=12 (full 3):
 PSYoungGen      total 432640K, used 0K [0x000000076b600000, 0x000000078f280000, 0x00000007c0000000)
  eden space 412672K, 0% used [0x000000076b600000,0x000000076b600000,0x0000000784900000)
  from space 19968K, 0% used [0x0000000784900000,0x0000000784900000,0x0000000785c80000)
  to   space 19968K, 0% used [0x000000078df00000,0x000000078df00000,0x000000078f280000)
 ParOldGen       total 158208K, used 28788K [0x00000006c2200000, 0x00000006cbc80000, 0x000000076b600000)
  object space 158208K, 18% used [0x00000006c2200000,0x00000006c3e1d148,0x00000006cbc80000)
 Metaspace       used 57971K, capacity 59978K, committed 60080K, reserved 1101824K
  class space    used 7765K, capacity 8146K, committed 8192K, reserved 1048576K
}
Event: 12.669 GC heap before
{Heap before GC invocations=13 (full 3):
 PSYoungGen      total 432640K, used 412672K [0x000000076b600000, 0x000000078f280000, 0x00000007c0000000)
  eden space 412672K, 100% used [0x000000076b600000,0x0000000784900000,0x0000000784900000)
  from space 19968K, 0% used [0x0000000784900000,0x0000000784900000,0x0000000785c80000)
  to   space 19968K, 0% used [0x000000078df00000,0x000000078df00000,0x000000078f280000)
 ParOldGen       total 158208K, used 28788K [0x00000006c2200000, 0x00000006cbc80000, 0x000000076b600000)
  object space 158208K, 18% used [0x00000006c2200000,0x00000006c3e1d148,0x00000006cbc80000)
 Metaspace       used 64266K, capacity 66988K, committed 67200K, reserved 1107968K
  class space    used 8741K, capacity 9223K, committed 9344K, reserved 1048576K
Event: 12.682 GC heap after
Heap after GC invocations=13 (full 3):
 PSYoungGen      total 522752K, used 15976K [0x000000076b600000, 0x000000078ef00000, 0x00000007c0000000)
  eden space 506368K, 0% used [0x000000076b600000,0x000000076b600000,0x000000078a480000)
  from space 16384K, 97% used [0x000000078df00000,0x000000078ee9a380,0x000000078ef00000)
  to   space 20992K, 0% used [0x000000078c600000,0x000000078c600000,0x000000078da80000)
 ParOldGen       total 158208K, used 28796K [0x00000006c2200000, 0x00000006cbc80000, 0x000000076b600000)
  object space 158208K, 18% used [0x00000006c2200000,0x00000006c3e1f148,0x00000006cbc80000)
 Metaspace       used 64266K, capacity 66988K, committed 67200K, reserved 1107968K
  class space    used 8741K, capacity 9223K, committed 9344K, reserved 1048576K
}

